<?xml version="1.0" encoding="UTF-8"?>
<testng-results ignored="0" total="4" passed="3" failed="1" skipped="0">
  <reporter-output>
  </reporter-output>
  <suite started-at="2018-08-27T07:39:23Z" name="Default suite" finished-at="2018-08-27T07:41:29Z" duration-ms="126168">
    <groups>
    </groups>
    <test started-at="2018-08-27T07:39:23Z" name="Default test" finished-at="2018-08-27T07:41:29Z" duration-ms="126168">
      <class name="com.qa.TestCase.LoginPageTest">
        <test-method is-config="true" signature="setup()[pri:0, instance:com.qa.TestCase.LoginPageTest@76ed1b7c]" started-at="2018-08-27T13:09:23Z" name="setup" finished-at="2018-08-27T13:09:58Z" duration-ms="34546" status="PASS">
          <reporter-output>
          </reporter-output>
        </test-method> <!-- setup -->
        <test-method signature="afterlogintest()[pri:0, instance:com.qa.TestCase.LoginPageTest@76ed1b7c]" started-at="2018-08-27T13:09:58Z" name="afterlogintest" finished-at="2018-08-27T13:09:58Z" duration-ms="141" status="FAIL">
          <exception class="java.lang.AssertionError">
            <message>
              <![CDATA[expected [CRMPRO] but found [#1 Free CRM software in the cloud for sales and service]]]>
            </message>
            <full-stacktrace>
              <![CDATA[java.lang.AssertionError: expected [CRMPRO] but found [#1 Free CRM software in the cloud for sales and service]
	at org.testng.Assert.fail(Assert.java:93)
	at org.testng.Assert.failNotEquals(Assert.java:512)
	at org.testng.Assert.assertEqualsImpl(Assert.java:134)
	at org.testng.Assert.assertEquals(Assert.java:115)
	at org.testng.Assert.assertEquals(Assert.java:189)
	at org.testng.Assert.assertEquals(Assert.java:199)
	at com.qa.TestCase.LoginPageTest.afterlogintest(LoginPageTest.java:55)
	at java.base/jdk.internal.reflect.NativeMethodAccessorImpl.invoke0(Native Method)
	at java.base/jdk.internal.reflect.NativeMethodAccessorImpl.invoke(Unknown Source)
	at java.base/jdk.internal.reflect.DelegatingMethodAccessorImpl.invoke(Unknown Source)
	at java.base/java.lang.reflect.Method.invoke(Unknown Source)
	at org.testng.internal.MethodInvocationHelper.invokeMethod(MethodInvocationHelper.java:108)
	at org.testng.internal.Invoker.invokeMethod(Invoker.java:661)
	at org.testng.internal.Invoker.invokeTestMethod(Invoker.java:869)
	at org.testng.internal.Invoker.invokeTestMethods(Invoker.java:1193)
	at org.testng.internal.TestMethodWorker.invokeTestMethods(TestMethodWorker.java:126)
	at org.testng.internal.TestMethodWorker.run(TestMethodWorker.java:109)
	at org.testng.TestRunner.privateRun(TestRunner.java:744)
	at org.testng.TestRunner.run(TestRunner.java:602)
	at org.testng.SuiteRunner.runTest(SuiteRunner.java:380)
	at org.testng.SuiteRunner.runSequentially(SuiteRunner.java:375)
	at org.testng.SuiteRunner.privateRun(SuiteRunner.java:340)
	at org.testng.SuiteRunner.run(SuiteRunner.java:289)
	at org.testng.SuiteRunnerWorker.runSuite(SuiteRunnerWorker.java:52)
	at org.testng.SuiteRunnerWorker.run(SuiteRunnerWorker.java:86)
	at org.testng.TestNG.runSuitesSequentially(TestNG.java:1301)
	at org.testng.TestNG.runSuitesLocally(TestNG.java:1226)
	at org.testng.TestNG.runSuites(TestNG.java:1144)
	at org.testng.TestNG.run(TestNG.java:1115)
	at org.testng.remote.AbstractRemoteTestNG.run(AbstractRemoteTestNG.java:114)
	at org.testng.remote.RemoteTestNG.initAndRun(RemoteTestNG.java:251)
	at org.testng.remote.RemoteTestNG.main(RemoteTestNG.java:77)
]]>
            </full-stacktrace>
          </exception> <!-- java.lang.AssertionError -->
          <reporter-output>
          </reporter-output>
        </test-method> <!-- afterlogintest -->
        <test-method is-config="true" signature="tearsdown()[pri:0, instance:com.qa.TestCase.LoginPageTest@76ed1b7c]" started-at="2018-08-27T13:09:58Z" name="tearsdown" finished-at="2018-08-27T13:10:07Z" duration-ms="9508" status="PASS">
          <reporter-output>
          </reporter-output>
        </test-method> <!-- tearsdown -->
        <test-method is-config="true" signature="setup()[pri:0, instance:com.qa.TestCase.LoginPageTest@76ed1b7c]" started-at="2018-08-27T13:10:07Z" name="setup" finished-at="2018-08-27T13:10:35Z" duration-ms="27477" status="PASS">
          <reporter-output>
          </reporter-output>
        </test-method> <!-- setup -->
        <test-method signature="loginpage()[pri:0, instance:com.qa.TestCase.LoginPageTest@76ed1b7c]" started-at="2018-08-27T13:10:35Z" name="loginpage" finished-at="2018-08-27T13:10:36Z" duration-ms="1605" status="PASS">
          <reporter-output>
          </reporter-output>
        </test-method> <!-- loginpage -->
        <test-method is-config="true" signature="tearsdown()[pri:0, instance:com.qa.TestCase.LoginPageTest@76ed1b7c]" started-at="2018-08-27T13:10:36Z" name="tearsdown" finished-at="2018-08-27T13:10:37Z" duration-ms="863" status="PASS">
          <reporter-output>
          </reporter-output>
        </test-method> <!-- tearsdown -->
        <test-method is-config="true" signature="setup()[pri:0, instance:com.qa.TestCase.LoginPageTest@76ed1b7c]" started-at="2018-08-27T13:10:37Z" name="setup" finished-at="2018-08-27T13:10:56Z" duration-ms="18743" status="PASS">
          <reporter-output>
          </reporter-output>
        </test-method> <!-- setup -->
        <test-method signature="loginpagetest()[pri:0, instance:com.qa.TestCase.LoginPageTest@76ed1b7c]" started-at="2018-08-27T13:10:56Z" name="loginpagetest" finished-at="2018-08-27T13:10:56Z" duration-ms="31" status="PASS">
          <reporter-output>
          </reporter-output>
        </test-method> <!-- loginpagetest -->
        <test-method is-config="true" signature="tearsdown()[pri:0, instance:com.qa.TestCase.LoginPageTest@76ed1b7c]" started-at="2018-08-27T13:10:56Z" name="tearsdown" finished-at="2018-08-27T13:10:58Z" duration-ms="1552" status="PASS">
          <reporter-output>
          </reporter-output>
        </test-method> <!-- tearsdown -->
        <test-method is-config="true" signature="setup()[pri:0, instance:com.qa.TestCase.LoginPageTest@76ed1b7c]" started-at="2018-08-27T13:10:58Z" name="setup" finished-at="2018-08-27T13:11:25Z" duration-ms="27109" status="PASS">
          <reporter-output>
          </reporter-output>
        </test-method> <!-- setup -->
        <test-method signature="signup()[pri:0, instance:com.qa.TestCase.LoginPageTest@76ed1b7c]" started-at="2018-08-27T13:11:25Z" name="signup" finished-at="2018-08-27T13:11:27Z" duration-ms="2108" status="PASS">
          <reporter-output>
          </reporter-output>
        </test-method> <!-- signup -->
        <test-method is-config="true" signature="tearsdown()[pri:0, instance:com.qa.TestCase.LoginPageTest@76ed1b7c]" started-at="2018-08-27T13:11:27Z" name="tearsdown" finished-at="2018-08-27T13:11:29Z" duration-ms="2383" status="PASS">
          <reporter-output>
          </reporter-output>
        </test-method> <!-- tearsdown -->
      </class> <!-- com.qa.TestCase.LoginPageTest -->
    </test> <!-- Default test -->
  </suite> <!-- Default suite -->
</testng-results>
