<?xml version="1.0" encoding="UTF-8"?>
<!-- Generated by org.testng.reporters.JUnitXMLReporter -->
<testsuite ignored="0" hostname="DESKTOP-937A02R" failures="0" tests="9" name="Free CRM App Test Cases" time="0.396" errors="0" timestamp="27 Aug 2018 07:00:14 GMT">
  <testcase classname="com.qa.TestCase.LoginPageTest" name="@BeforeMethod setup" time="0.166">
    <failure type="java.lang.IllegalStateException" message="The driver executable does not exist: F:\library\chromedriver.exe">
      <![CDATA[java.lang.IllegalStateException: The driver executable does not exist: F:\library\chromedriver.exe
	at com.google.common.base.Preconditions.checkState(Preconditions.java:534)
	at org.openqa.selenium.remote.service.DriverService.checkExecutable(DriverService.java:136)
	at org.openqa.selenium.remote.service.DriverService.findExecutable(DriverService.java:131)
	at org.openqa.selenium.chrome.ChromeDriverService.access$000(ChromeDriverService.java:32)
	at org.openqa.selenium.chrome.ChromeDriverService$Builder.findDefaultExecutable(ChromeDriverService.java:137)
	at org.openqa.selenium.remote.service.DriverService$Builder.build(DriverService.java:329)
	at org.openqa.selenium.chrome.ChromeDriverService.createDefaultService(ChromeDriverService.java:88)
	at org.openqa.selenium.chrome.ChromeDriver.<init>(ChromeDriver.java:124)
	at com.qa.TestBase.TestBase.intialize(TestBase.java:45)
	at com.qa.TestCase.LoginPageTest.setup(LoginPageTest.java:23)
... Removed 27 stack frames]]>
    </failure>
  </testcase> <!-- @BeforeMethod setup -->
  <testcase classname="com.qa.TestCase.LoginPageTest" name="@BeforeMethod setup" time="0.0">
    <skipped/>
  </testcase> <!-- @BeforeMethod setup -->
  <testcase classname="com.qa.TestCase.LoginPageTest" name="@BeforeMethod setup" time="0.0">
    <skipped/>
  </testcase> <!-- @BeforeMethod setup -->
  <testcase classname="com.qa.TestCase.LoginPageTest" name="@BeforeMethod setup" time="0.0">
    <skipped/>
  </testcase> <!-- @BeforeMethod setup -->
  <testcase classname="com.qa.TestCase.HomePageTest" name="@BeforeMethod setup" time="0.008">
    <failure type="java.lang.IllegalStateException" message="The driver executable does not exist: F:\library\chromedriver.exe">
      <![CDATA[java.lang.IllegalStateException: The driver executable does not exist: F:\library\chromedriver.exe
	at com.google.common.base.Preconditions.checkState(Preconditions.java:534)
	at org.openqa.selenium.remote.service.DriverService.checkExecutable(DriverService.java:136)
	at org.openqa.selenium.remote.service.DriverService.findExecutable(DriverService.java:131)
	at org.openqa.selenium.chrome.ChromeDriverService.access$000(ChromeDriverService.java:32)
	at org.openqa.selenium.chrome.ChromeDriverService$Builder.findDefaultExecutable(ChromeDriverService.java:137)
	at org.openqa.selenium.remote.service.DriverService$Builder.build(DriverService.java:329)
	at org.openqa.selenium.chrome.ChromeDriverService.createDefaultService(ChromeDriverService.java:88)
	at org.openqa.selenium.chrome.ChromeDriver.<init>(ChromeDriver.java:124)
	at com.qa.TestBase.TestBase.intialize(TestBase.java:45)
	at com.qa.TestCase.HomePageTest.setup(HomePageTest.java:28)
... Removed 27 stack frames]]>
    </failure>
  </testcase> <!-- @BeforeMethod setup -->
  <testcase classname="com.qa.TestCase.HomePageTest" name="@BeforeMethod setup" time="0.0">
    <skipped/>
  </testcase> <!-- @BeforeMethod setup -->
  <testcase classname="com.qa.TestCase.HomePageTest" name="@BeforeMethod setup" time="0.0">
    <skipped/>
  </testcase> <!-- @BeforeMethod setup -->
  <testcase classname="com.qa.TestCase.HomePageTest" name="@BeforeMethod setup" time="0.0">
    <skipped/>
  </testcase> <!-- @BeforeMethod setup -->
  <testcase classname="com.qa.TestCase.HomePageTest" name="@BeforeMethod setup" time="0.0">
    <skipped/>
  </testcase> <!-- @BeforeMethod setup -->
  <testcase classname="com.qa.TestCase.LoginPageTest" name="afterlogintest" time="0.0">
    <skipped/>
  </testcase> <!-- afterlogintest -->
  <testcase classname="com.qa.TestCase.LoginPageTest" name="loginpage" time="0.0">
    <skipped/>
  </testcase> <!-- loginpage -->
  <testcase classname="com.qa.TestCase.LoginPageTest" name="loginpagetest" time="0.0">
    <skipped/>
  </testcase> <!-- loginpagetest -->
  <testcase classname="com.qa.TestCase.LoginPageTest" name="signup" time="0.0">
    <skipped/>
  </testcase> <!-- signup -->
  <testcase classname="com.qa.TestCase.HomePageTest" name="contactsTest" time="0.0">
    <skipped/>
  </testcase> <!-- contactsTest -->
  <testcase classname="com.qa.TestCase.HomePageTest" name="homepagetitleTest" time="0.0">
    <skipped/>
  </testcase> <!-- homepagetitleTest -->
  <testcase classname="com.qa.TestCase.HomePageTest" name="logotextTest" time="0.0">
    <skipped/>
  </testcase> <!-- logotextTest -->
  <testcase classname="com.qa.TestCase.HomePageTest" name="searchTest" time="0.0">
    <skipped/>
  </testcase> <!-- searchTest -->
  <testcase classname="com.qa.TestCase.HomePageTest" name="upgradeaccountTest" time="0.0">
    <skipped/>
  </testcase> <!-- upgradeaccountTest -->
</testsuite> <!-- Free CRM App Test Cases -->
